28/06/2018 17:14:45	|			|	tela principal
28/06/2018 17:15:21	|	null		|	No suitable driver found for jdbc:mysql://db4free.net/aula_banco?useSSL=false
28/06/2018 17:18:55	|	null		|	No suitable driver found for jdbc:mysql://db4free.net/aula_banco?useSSL=false
01/07/2018 18:54:15	|	null		|	Access denied for user 'gabriel'@'177.184.148.29' (using password: YES)
01/07/2018 18:55:00	|	null		|	Access denied for user 'gabriel'@'177.184.148.29' (using password: YES)
01/07/2018 18:59:06	|	null		|	Access denied for user 'gabriel'@'177.184.148.29' (using password: YES)
01/07/2018 18:59:08	|			|	tela principal
01/07/2018 19:04:37	|	null		|	Access denied for user 'escola_idiomas'@'177.184.148.29' (using password: YES)
01/07/2018 21:03:26	|	null		|	login
01/07/2018 21:03:26	|			|	tela principal
01/07/2018 21:05:18	|			|	tela principal
01/07/2018 21:05:18	|			|	login
01/07/2018 21:05:47	|			|	login
01/07/2018 21:05:47	|			|	tela principal
01/07/2018 21:06:03	|	null		|	login
01/07/2018 21:06:03	|			|	tela principal
01/07/2018 21:07:05	|	das		|	tela principal
01/07/2018 21:07:05	|	das		|	login
01/07/2018 21:08:19	|	das		|	login
01/07/2018 21:08:59	|	das		|	login
01/07/2018 21:08:59	|	das		|	tela principal
01/07/2018 21:10:38	|	null		|	login
01/07/2018 21:10:38	|	das		|	tela principal
01/07/2018 21:11:24	|	das		|	login
01/07/2018 21:11:24	|	das		|	tela principal
01/07/2018 21:11:53	|	null		|	login
01/07/2018 21:11:53	|	das		|	tela principal
01/07/2018 21:12:35	|	das		|	tela principal
01/07/2018 21:12:35	|	das		|	login
01/07/2018 21:13:53	|	das		|	No operations allowed after connection closed.
01/07/2018 21:13:53	|	das		|	tela principal
01/07/2018 21:21:18	|	das		|	tela principal
01/07/2018 21:21:18	|	das		|	No operations allowed after connection closed.
01/07/2018 21:25:22	|	null		|	Before start of result set
01/07/2018 21:25:22	|	das		|	tela principal
01/07/2018 21:28:22	|	das		|	Before start of result set
01/07/2018 21:28:22	|	das		|	tela principal
01/07/2018 21:28:50	|	das		|	tela principal
01/07/2018 21:32:15	|	null		|	Before start of result set
01/07/2018 21:32:15	|	das		|	tela principal
01/07/2018 21:36:58	|	das		|	tela principal
01/07/2018 21:36:58	|	das		|	Before start of result set
01/07/2018 21:42:00	|	das		|	tela principal
01/07/2018 21:42:00	|	das		|	Before start of result set
01/07/2018 21:42:33	|	das		|	Before start of result set
01/07/2018 21:42:33	|	das		|	tela principal
01/07/2018 21:42:57	|	das		|	Before start of result set
01/07/2018 21:42:57	|	das		|	tela principal
01/07/2018 21:43:21	|	null		|	Before start of result set
01/07/2018 21:43:21	|	das		|	tela principal
01/07/2018 21:44:04	|	null		|	Before start of result set
01/07/2018 21:44:04	|	das		|	tela principal
01/07/2018 21:44:27	|	das		|	Before start of result set
01/07/2018 21:44:27	|	das		|	tela principal
01/07/2018 21:46:50	|	null		|	Before start of result set
01/07/2018 21:46:50	|	das		|	tela principal
01/07/2018 21:52:46	|	das		|	Before start of result set
01/07/2018 21:52:49	|	das		|	tela principal
01/07/2018 21:57:38	|	das		|	Unknown column 'senha' in 'field list'
01/07/2018 21:57:38	|	das		|	tela principal
01/07/2018 21:58:28	|	das		|	tela principal
01/07/2018 21:58:28	|	das		|	Before start of result set
01/07/2018 22:01:13	|	das		|	tela principal
01/07/2018 22:01:29	|	das		|	tela principal
01/07/2018 22:13:33	|	das		|	tela principal
01/07/2018 22:16:39	|	das		|	tela principal
01/07/2018 22:18:39	|	das		|	tela principal
01/07/2018 22:20:05	|	das		|	tela principal
01/07/2018 22:20:24	|	das		|	tela principal
01/07/2018 22:21:18	|	AEAEAEAEA		|	tela principal
01/07/2018 22:35:19	|	AEAEAEAEA		|	tela principal
01/07/2018 22:35:32	|	gfdsgdsf		|	tela principal
01/07/2018 22:53:12	|	AEAEAEAEA		|	tela principal
01/07/2018 22:53:35	|	dasfers		|	tela principal
01/07/2018 22:56:26	|	testse		|	tela principal
01/07/2018 22:59:02	|	testes		|	tela principal
01/07/2018 23:23:02	|	null		|	No operations allowed after connection closed.
01/07/2018 23:23:02	|	null		|	tela principal
01/07/2018 23:24:20	|	null		|	tela principal
01/07/2018 23:24:20	|	null		|	No operations allowed after connection closed.
01/07/2018 23:25:20	|	null		|	No operations allowed after connection closed.
01/07/2018 23:25:27	|	null		|	No operations allowed after connection closed.
01/07/2018 23:25:29	|	null		|	No operations allowed after connection closed.
01/07/2018 23:25:34	|	null		|	No operations allowed after connection closed.
01/07/2018 23:25:53	|	null		|	No operations allowed after connection closed.
01/07/2018 23:25:53	|	null		|	tela principal
01/07/2018 23:25:58	|	null		|	No operations allowed after connection closed.
01/07/2018 23:25:58	|	null		|	tela principal
01/07/2018 23:30:40	|	null		|	No operations allowed after connection closed.
01/07/2018 23:30:40	|	null		|	tela principal
01/07/2018 23:31:58	|	null		|	tela principal
01/07/2018 23:31:58	|	null		|	No operations allowed after connection closed.
01/07/2018 23:33:04	|	null		|	tela principal
01/07/2018 23:33:04	|	null		|	No operations allowed after connection closed.
01/07/2018 23:38:47	|	admin		|	tela principal
02/07/2018 19:53:07	|	null		|	Communications link failure

The last packet sent successfully to the server was 0 milliseconds ago. The driver has not received any packets from the server.
02/07/2018 19:53:10	|	null		|	Communications link failure

The last packet sent successfully to the server was 0 milliseconds ago. The driver has not received any packets from the server.
02/07/2018 19:53:14	|	null		|	Communications link failure

The last packet sent successfully to the server was 0 milliseconds ago. The driver has not received any packets from the server.
02/07/2018 19:53:47	|	null		|	Communications link failure

The last packet sent successfully to the server was 0 milliseconds ago. The driver has not received any packets from the server.
02/07/2018 19:53:52	|	null		|	Communications link failure

The last packet sent successfully to the server was 0 milliseconds ago. The driver has not received any packets from the server.
02/07/2018 20:03:05	|	admin		|	tela principal
02/07/2018 20:03:28	|	admin		|	Cadastrar Idioma
02/07/2018 20:03:30	|	admin		|	Cadastrar Idioma
02/07/2018 20:03:30	|	admin		|	Cancelar Idioma
02/07/2018 20:06:43	|	null		|	Cadastrar Idioma
02/07/2018 20:06:43	|	null		|	Cadastrar Idioma
02/07/2018 20:06:46	|	null		|	Cancelar Idioma
02/07/2018 20:06:46	|	null		|	Cancelar Idioma
02/07/2018 20:06:46	|	null		|	Cancelar Idioma
02/07/2018 20:06:46	|	null		|	Cancelar Idioma
02/07/2018 20:57:23	|	null		|	Cancelar Aula
02/07/2018 20:58:48	|	null		|	Cancelar Aula
02/07/2018 20:58:48	|	null		|	Cancelar Aula
02/07/2018 21:10:45	|	null		|	Cancelar Aula
02/07/2018 21:10:45	|	null		|	Cancelar Aula
02/07/2018 21:14:18	|	null		|	Cancelar Aula
02/07/2018 21:14:18	|	null		|	Cancelar Aula
04/07/2018 13:51:36	|	null		|	Unknown database 'escola_idiomas'
04/07/2018 14:20:24	|	null		|	Cancelar Aula
04/07/2018 14:20:24	|	null		|	Cancelar Aula
04/07/2018 14:20:26	|	null		|	Cancelar Aula
04/07/2018 14:20:26	|	null		|	Cancelar Aula
04/07/2018 14:37:27	|	null		|	Cancelar Aula
04/07/2018 14:48:47	|	null		|	Cadastrar Aula
04/07/2018 14:48:49	|	null		|	Cadastrar Aula
04/07/2018 14:50:07	|	null		|	Cadastrar Aula
04/07/2018 14:50:10	|	null		|	Cancelar Aula
04/07/2018 14:50:29	|	null		|	Cancelar Aula
04/07/2018 15:07:58	|	null		|	Cadastrar Aula
04/07/2018 15:08:00	|	null		|	Cancelar Aula
04/07/2018 15:08:51	|	null		|	Cadastrar Aula
04/07/2018 15:09:00	|	null		|	Cancelar Aula
04/07/2018 15:35:03	|	null		|	Cadastrar Aula
04/07/2018 15:35:05	|	null		|	Cancelar Aula
04/07/2018 17:16:29	|	null		|	No suitable driver found for jdbc:mysql://localhost/escola_idioma?useSSL=false
04/07/2018 17:16:35	|	null		|	Cadastrar Aula
04/07/2018 17:16:46	|	null		|	Cadastrar Aula
04/07/2018 17:16:48	|	null		|	Cancelar Aula
04/07/2018 17:17:07	|	null		|	No suitable driver found for jdbc:mysql://localhost/escola_idioma?useSSL=false
04/07/2018 17:26:00	|	null		|	Cadastrar Aula
04/07/2018 17:26:07	|	null		|	Cadastrar Aula
04/07/2018 17:26:09	|	null		|	Cadastrar Aula
04/07/2018 17:26:10	|	null		|	Cancelar Aula
04/07/2018 17:53:35	|	null		|	Cancelar Aula
04/07/2018 18:26:35	|	null		|	Cancelar Aula
04/07/2018 18:31:28	|	null		|	CheckBox de Aluno selecionado
04/07/2018 18:31:31	|	null		|	Cancelar Aula
04/07/2018 18:35:41	|	null		|	CheckBox de Aluno selecionado
04/07/2018 18:35:44	|	null		|	Cancelar Aula
04/07/2018 18:37:28	|	null		|	CheckBox de Aluno selecionado
04/07/2018 18:37:32	|	null		|	Cancelar Aula
04/07/2018 18:37:47	|	null		|	Cancelar Aula
04/07/2018 18:38:08	|	null		|	CheckBox de Aluno selecionado
04/07/2018 18:38:09	|	null		|	CheckBox de Aluno selecionado
04/07/2018 18:41:05	|	null		|	CheckBox de Aluno selecionado
04/07/2018 18:41:13	|	null		|	CheckBox de Aluno selecionado
04/07/2018 18:41:13	|	null		|	Cancelar Aula
04/07/2018 18:45:21	|	null		|	CheckBox de Aluno selecionado
04/07/2018 18:45:38	|	null		|	Cadastrar Aula
04/07/2018 18:45:41	|	null		|	CheckBox de Aluno selecionado
04/07/2018 18:45:42	|	null		|	CheckBox de Aluno selecionado
04/07/2018 18:45:43	|	null		|	CheckBox de Aluno selecionado
04/07/2018 18:46:00	|	null		|	Cadastrar Aula
04/07/2018 18:46:01	|	null		|	Cancelar Aula
04/07/2018 19:49:17	|	null		|	Cadastrar Aula
04/07/2018 19:49:43	|	null		|	CheckBox de Aluno selecionado
04/07/2018 19:49:49	|	null		|	Cadastrar Aula
04/07/2018 19:50:41	|	null		|	Cadastrar Aula
04/07/2018 19:50:43	|	null		|	Cancelar Aula
04/07/2018 19:51:06	|	null		|	CheckBox de Aluno selecionado
04/07/2018 19:51:09	|	null		|	Cadastrar Aula
04/07/2018 19:52:00	|	null		|	CheckBox de Aluno selecionado
04/07/2018 19:52:03	|	null		|	Cadastrar Aula
04/07/2018 19:52:05	|	null		|	Cancelar Aula
04/07/2018 19:52:32	|	null		|	CheckBox de Aluno selecionado
04/07/2018 19:52:35	|	null		|	Cadastrar Aula
04/07/2018 19:52:35	|	null		|	Unknown column 'rfsdfgdsgds' in 'field list'
04/07/2018 19:52:38	|	null		|	Cancelar Aula
04/07/2018 19:58:49	|	null		|	CheckBox de Aluno selecionado
04/07/2018 19:58:51	|	null		|	Cadastrar Aula
04/07/2018 19:58:53	|	null		|	Cancelar Aula
04/07/2018 21:40:33	|	null		|	CheckBox de Aluno selecionado
04/07/2018 21:40:35	|	null		|	Cadastrar Aula
04/07/2018 21:40:37	|	null		|	Cancelar Aula
04/07/2018 21:47:44	|	null		|	CheckBox de Aluno selecionado
04/07/2018 21:47:45	|	null		|	Cadastrar Aula
04/07/2018 21:47:47	|	null		|	Cancelar Aula
